  [1m[35m (0.0ms)[0m  [1m[34mSELECT sqlite_version(*)[0m
  [1m[35m (158.0ms)[0m  [1m[35mCREATE TABLE "schema_migrations" ("version" varchar NOT NULL PRIMARY KEY)[0m
  [1m[35m (150.0ms)[0m  [1m[35mCREATE TABLE "ar_internal_metadata" ("key" varchar NOT NULL PRIMARY KEY, "value" varchar, "created_at" datetime NOT NULL, "updated_at" datetime NOT NULL)[0m
  [1m[35m (1.0ms)[0m  [1m[34mSELECT "schema_migrations"."version" FROM "schema_migrations" ORDER BY "schema_migrations"."version" ASC[0m
Migrating to CreateDoctors (20190801182004)
  [1m[35m (0.0ms)[0m  [1m[36mbegin transaction[0m
  [1m[35m (0.0ms)[0m  [1m[31mrollback transaction[0m
  [1m[35m (0.0ms)[0m  [1m[34mSELECT "schema_migrations"."version" FROM "schema_migrations" ORDER BY "schema_migrations"."version" ASC[0m
Migrating to CreateDoctors (20190801182004)
  [1m[35m (0.0ms)[0m  [1m[36mbegin transaction[0m
  [1m[35m (0.0ms)[0m  [1m[34mSELECT sqlite_version(*)[0m
  [1m[35m (2.0ms)[0m  [1m[35mCREATE TABLE "doctors" ("id" INTEGER PRIMARY KEY AUTOINCREMENT NOT NULL, "first_name" varchar, "last_name" varchar, "speciality" varchar, "zip_code" varchar, "created_at" datetime NOT NULL, "updated_at" datetime NOT NULL)[0m
  [1m[35mSQL (0.0ms)[0m  [1m[32mINSERT INTO "schema_migrations" ("version") VALUES (?)[0m  [["version", "20190801182004"]]
  [1m[35m (171.0ms)[0m  [1m[36mcommit transaction[0m
Migrating to CreatePatients (20190801182131)
  [1m[35m (0.0ms)[0m  [1m[34mSELECT "schema_migrations"."version" FROM "schema_migrations" ORDER BY "schema_migrations"."version" ASC[0m
Migrating to CreatePatients (20190801182131)
  [1m[35m (1.0ms)[0m  [1m[34mSELECT "schema_migrations"."version" FROM "schema_migrations" ORDER BY "schema_migrations"."version" ASC[0m
Migrating to CreatePatients (20190801182131)
  [1m[35m (0.0ms)[0m  [1m[34mSELECT "schema_migrations"."version" FROM "schema_migrations" ORDER BY "schema_migrations"."version" ASC[0m
Migrating to CreatePatients (20190801182131)
  [1m[35m (1.0ms)[0m  [1m[36mbegin transaction[0m
  [1m[35m (0.0ms)[0m  [1m[34mSELECT sqlite_version(*)[0m
  [1m[35m (3.0ms)[0m  [1m[35mCREATE TABLE "patients" ("id" INTEGER PRIMARY KEY AUTOINCREMENT NOT NULL, "first_name" varchar, "last_name" varchar, "created_at" datetime NOT NULL, "updated_at" datetime NOT NULL)[0m
  [1m[35mSQL (1.0ms)[0m  [1m[32mINSERT INTO "schema_migrations" ("version") VALUES (?)[0m  [["version", "20190801182131"]]
  [1m[35m (196.0ms)[0m  [1m[36mcommit transaction[0m
Migrating to CreateAppointments (20190801182223)
  [1m[35m (1.0ms)[0m  [1m[36mbegin transaction[0m
  [1m[35m (4.0ms)[0m  [1m[35mCREATE TABLE "appointments" ("id" INTEGER PRIMARY KEY AUTOINCREMENT NOT NULL, "date" datetime, "created_at" datetime NOT NULL, "updated_at" datetime NOT NULL)[0m
  [1m[35mSQL (1.0ms)[0m  [1m[32mINSERT INTO "schema_migrations" ("version") VALUES (?)[0m  [["version", "20190801182223"]]
  [1m[35m (165.0ms)[0m  [1m[36mcommit transaction[0m
Migrating to AddIndexToAppointments (20190801184257)
  [1m[35m (0.0ms)[0m  [1m[36mbegin transaction[0m
  [1m[35m (40.0ms)[0m  [1m[35mALTER TABLE "appointments" ADD "doctor_id" integer[0m
  [1m[35m (1.0ms)[0m  [1m[35mCREATE  INDEX "index_appointments_on_doctor_id" ON "appointments" ("doctor_id")[0m
  [1m[35mSQL (1.0ms)[0m  [1m[32mINSERT INTO "schema_migrations" ("version") VALUES (?)[0m  [["version", "20190801184257"]]
  [1m[35m (170.0ms)[0m  [1m[36mcommit transaction[0m
  [1m[36mActiveRecord::InternalMetadata Load (1.0ms)[0m  [1m[34mSELECT  "ar_internal_metadata".* FROM "ar_internal_metadata" WHERE "ar_internal_metadata"."key" = ? LIMIT ?[0m  [["key", "environment"], ["LIMIT", 1]]
  [1m[35m (1.0ms)[0m  [1m[36mbegin transaction[0m
  [1m[35mSQL (2.0ms)[0m  [1m[32mINSERT INTO "ar_internal_metadata" ("key", "value", "created_at", "updated_at") VALUES (?, ?, ?, ?)[0m  [["key", "environment"], ["value", "development"], ["created_at", "2019-08-01 19:37:10.110634"], ["updated_at", "2019-08-01 19:37:10.110634"]]
  [1m[35m (137.0ms)[0m  [1m[36mcommit transaction[0m
  [1m[35m (0.0ms)[0m  [1m[34mSELECT "schema_migrations"."version" FROM "schema_migrations" ORDER BY "schema_migrations"."version" ASC[0m
  [1m[35m (0.0ms)[0m  [1m[34m            SELECT sql
            FROM sqlite_master
            WHERE name='index_appointments_on_doctor_id' AND type='index'
            UNION ALL
            SELECT sql
            FROM sqlite_temp_master
            WHERE name='index_appointments_on_doctor_id' AND type='index'
[0m
  [1m[35m (1.0ms)[0m  [1m[36mbegin transaction[0m
  [1m[35m (0.0ms)[0m  [1m[31mrollback transaction[0m
  [1m[35m (0.0ms)[0m  [1m[36mbegin transaction[0m
  [1m[35mSQL (2.0ms)[0m  [1m[32mINSERT INTO "doctors" ("created_at", "updated_at") VALUES (?, ?)[0m  [["created_at", "2019-08-01 20:29:01.751610"], ["updated_at", "2019-08-01 20:29:01.751610"]]
  [1m[35m (169.0ms)[0m  [1m[36mcommit transaction[0m
  [1m[35m (0.0ms)[0m  [1m[36mbegin transaction[0m
  [1m[35mSQL (3.0ms)[0m  [1m[32mINSERT INTO "appointments" ("created_at", "updated_at", "doctor_id") VALUES (?, ?, ?)[0m  [["created_at", "2019-08-01 20:30:21.422167"], ["updated_at", "2019-08-01 20:30:21.422167"], ["doctor_id", 1]]
  [1m[35m (194.0ms)[0m  [1m[36mcommit transaction[0m
  [1m[36mAppointment Load (1.0ms)[0m  [1m[34mSELECT  "appointments".* FROM "appointments" WHERE "appointments"."doctor_id" = ? LIMIT ?[0m  [["doctor_id", 1], ["LIMIT", 11]]
  [1m[35m (0.0ms)[0m  [1m[36mbegin transaction[0m
  [1m[35mSQL (5026.3ms)[0m  [1m[32mINSERT INTO "doctors" ("first_name", "created_at", "updated_at") VALUES (?, ?, ?)[0m  [["first_name", "Matheo"], ["created_at", "2019-08-01 20:39:48.534604"], ["updated_at", "2019-08-01 20:39:48.534604"]]
  [1m[35m (0.0ms)[0m  [1m[31mrollback transaction[0m
  [1m[35m (0.0ms)[0m  [1m[36mbegin transaction[0m
  [1m[35mSQL (5002.3ms)[0m  [1m[32mINSERT INTO "doctors" ("first_name", "created_at", "updated_at") VALUES (?, ?, ?)[0m  [["first_name", "Matheo"], ["created_at", "2019-08-01 20:40:46.772935"], ["updated_at", "2019-08-01 20:40:46.772935"]]
  [1m[35m (0.0ms)[0m  [1m[31mrollback transaction[0m
  [1m[35m (0.0ms)[0m  [1m[36mbegin transaction[0m
  [1m[35mSQL (5008.3ms)[0m  [1m[32mINSERT INTO "doctors" ("first_name", "last_name", "speciality", "zip_code", "created_at", "updated_at") VALUES (?, ?, ?, ?, ?, ?)[0m  [["first_name", "Matheo"], ["last_name", "Lepine"], ["speciality", "coloscopy"], ["zip_code", "95800"], ["created_at", "2019-08-01 20:44:34.690971"], ["updated_at", "2019-08-01 20:44:34.690971"]]
  [1m[35m (0.0ms)[0m  [1m[31mrollback transaction[0m
  [1m[35m (0.0ms)[0m  [1m[36mbegin transaction[0m
  [1m[35mSQL (5021.3ms)[0m  [1m[32mINSERT INTO "doctors" ("created_at", "updated_at") VALUES (?, ?)[0m  [["created_at", "2019-08-01 20:50:16.649530"], ["updated_at", "2019-08-01 20:50:16.649530"]]
  [1m[35m (0.0ms)[0m  [1m[31mrollback transaction[0m
  [1m[35m (0.0ms)[0m  [1m[36mbegin transaction[0m
  [1m[35mSQL (5014.3ms)[0m  [1m[32mINSERT INTO "patients" ("created_at", "updated_at") VALUES (?, ?)[0m  [["created_at", "2019-08-01 20:50:53.345629"], ["updated_at", "2019-08-01 20:50:53.345629"]]
  [1m[35m (0.0ms)[0m  [1m[31mrollback transaction[0m
  [1m[35m (1.0ms)[0m  [1m[36mbegin transaction[0m
  [1m[35mSQL (3.0ms)[0m  [1m[32mINSERT INTO "patients" ("created_at", "updated_at") VALUES (?, ?)[0m  [["created_at", "2019-08-01 20:52:03.055616"], ["updated_at", "2019-08-01 20:52:03.055616"]]
  [1m[35m (158.0ms)[0m  [1m[36mcommit transaction[0m
  [1m[35m (0.0ms)[0m  [1m[36mbegin transaction[0m
  [1m[35mSQL (2.0ms)[0m  [1m[32mINSERT INTO "patients" ("first_name", "created_at", "updated_at") VALUES (?, ?, ?)[0m  [["first_name", "virginie"], ["created_at", "2019-08-01 20:55:04.033967"], ["updated_at", "2019-08-01 20:55:04.033967"]]
  [1m[35m (174.0ms)[0m  [1m[36mcommit transaction[0m
  [1m[35m (0.0ms)[0m  [1m[36mbegin transaction[0m
  [1m[35mSQL (2.0ms)[0m  [1m[32mINSERT INTO "doctors" ("first_name", "created_at", "updated_at") VALUES (?, ?, ?)[0m  [["first_name", "Matheo"], ["created_at", "2019-08-01 20:56:45.263757"], ["updated_at", "2019-08-01 20:56:45.263757"]]
  [1m[35m (165.0ms)[0m  [1m[36mcommit transaction[0m
  [1m[35m (0.0ms)[0m  [1m[36mbegin transaction[0m
  [1m[35mSQL (3.0ms)[0m  [1m[32mINSERT INTO "appointments" ("created_at", "updated_at", "doctor_id") VALUES (?, ?, ?)[0m  [["created_at", "2019-08-01 21:01:07.192739"], ["updated_at", "2019-08-01 21:01:07.192739"], ["doctor_id", 2]]
  [1m[35m (149.0ms)[0m  [1m[36mcommit transaction[0m
  [1m[35m (1.0ms)[0m  [1m[34mSELECT "schema_migrations"."version" FROM "schema_migrations" ORDER BY "schema_migrations"."version" ASC[0m
  [1m[35m (0.0ms)[0m  [1m[34mSELECT "schema_migrations"."version" FROM "schema_migrations" ORDER BY "schema_migrations"."version" ASC[0m
Migrating to AddIndexToAppointments (20190801184257)
  [1m[35m (1.0ms)[0m  [1m[36mbegin transaction[0m
  [1m[35m (1.0ms)[0m  [1m[34mSELECT sqlite_version(*)[0m
  [1m[35m (0.0ms)[0m  [1m[35mCREATE TEMPORARY TABLE "aappointments" ("id" integer NOT NULL PRIMARY KEY, "date" datetime DEFAULT NULL, "created_at" datetime NOT NULL, "updated_at" datetime NOT NULL, "doctor_id" integer DEFAULT NULL)[0m
  [1m[35m (0.0ms)[0m  [1m[34m            SELECT sql
            FROM sqlite_master
            WHERE name='index_appointments_on_doctor_id' AND type='index'
            UNION ALL
            SELECT sql
            FROM sqlite_temp_master
            WHERE name='index_appointments_on_doctor_id' AND type='index'
[0m
  [1m[35m (1.0ms)[0m  [1m[35mCREATE  INDEX "tindex_aappointments_on_doctor_id" ON "aappointments" ("doctor_id")[0m
  [1m[35m (0.0ms)[0m  [1m[32mINSERT INTO "aappointments" ("id","date","created_at","updated_at","doctor_id")
                     SELECT "id","date","created_at","updated_at","doctor_id" FROM "appointments"[0m
  [1m[35m (1.0ms)[0m  [1m[35mDROP TABLE "appointments"[0m
  [1m[35m (0.0ms)[0m  [1m[31mrollback transaction[0m
  [1m[35m (1.0ms)[0m  [1m[34mSELECT "schema_migrations"."version" FROM "schema_migrations" ORDER BY "schema_migrations"."version" ASC[0m
  [1m[35m (0.0ms)[0m  [1m[34mSELECT "schema_migrations"."version" FROM "schema_migrations" ORDER BY "schema_migrations"."version" ASC[0m
Migrating to AddIndexToAppointments (20190801184257)
  [1m[35m (0.0ms)[0m  [1m[36mbegin transaction[0m
  [1m[35m (1.0ms)[0m  [1m[34mSELECT sqlite_version(*)[0m
  [1m[35m (1.0ms)[0m  [1m[35mCREATE TEMPORARY TABLE "aappointments" ("id" integer NOT NULL PRIMARY KEY, "date" datetime DEFAULT NULL, "created_at" datetime NOT NULL, "updated_at" datetime NOT NULL, "doctor_id" integer DEFAULT NULL)[0m
  [1m[35m (0.0ms)[0m  [1m[34m            SELECT sql
            FROM sqlite_master
            WHERE name='index_appointments_on_doctor_id' AND type='index'
            UNION ALL
            SELECT sql
            FROM sqlite_temp_master
            WHERE name='index_appointments_on_doctor_id' AND type='index'
[0m
  [1m[35m (0.0ms)[0m  [1m[35mCREATE  INDEX "tindex_aappointments_on_doctor_id" ON "aappointments" ("doctor_id")[0m
  [1m[35m (0.0ms)[0m  [1m[32mINSERT INTO "aappointments" ("id","date","created_at","updated_at","doctor_id")
                     SELECT "id","date","created_at","updated_at","doctor_id" FROM "appointments"[0m
  [1m[35m (2.0ms)[0m  [1m[35mDROP TABLE "appointments"[0m
  [1m[35m (0.0ms)[0m  [1m[35mCREATE TABLE "appointments" ("id" integer NOT NULL PRIMARY KEY, "date" datetime DEFAULT NULL, "created_at" datetime NOT NULL, "updated_at" datetime NOT NULL)[0m
  [1m[35m (0.0ms)[0m  [1m[34m            SELECT sql
            FROM sqlite_master
            WHERE name='tindex_aappointments_on_doctor_id' AND type='index'
            UNION ALL
            SELECT sql
            FROM sqlite_temp_master
            WHERE name='tindex_aappointments_on_doctor_id' AND type='index'
[0m
  [1m[35m (0.0ms)[0m  [1m[32mINSERT INTO "appointments" ("id","date","created_at","updated_at")
                     SELECT "id","date","created_at","updated_at" FROM "aappointments"[0m
  [1m[35m (0.0ms)[0m  [1m[35mDROP TABLE "aappointments"[0m
  [1m[35mSQL (1.0ms)[0m  [1m[31mDELETE FROM "schema_migrations" WHERE "schema_migrations"."version" = ?[0m  [["version", "20190801184257"]]
  [1m[35m (205.0ms)[0m  [1m[36mcommit transaction[0m
  [1m[35m (0.0ms)[0m  [1m[34mSELECT "schema_migrations"."version" FROM "schema_migrations" ORDER BY "schema_migrations"."version" ASC[0m
  [1m[35m (0.0ms)[0m  [1m[34mSELECT "schema_migrations"."version" FROM "schema_migrations" ORDER BY "schema_migrations"."version" ASC[0m
  [1m[35m (1.0ms)[0m  [1m[34mSELECT "schema_migrations"."version" FROM "schema_migrations" ORDER BY "schema_migrations"."version" ASC[0m
  [1m[35m (0.0ms)[0m  [1m[34mSELECT "schema_migrations"."version" FROM "schema_migrations" ORDER BY "schema_migrations"."version" ASC[0m
Migrating to CreateAppointments (20190801182223)
  [1m[35m (0.0ms)[0m  [1m[36mbegin transaction[0m
  [1m[35m (3.0ms)[0m  [1m[35mDROP TABLE "appointments"[0m
  [1m[35mSQL (1.0ms)[0m  [1m[31mDELETE FROM "schema_migrations" WHERE "schema_migrations"."version" = ?[0m  [["version", "20190801182223"]]
  [1m[35m (191.0ms)[0m  [1m[36mcommit transaction[0m
  [1m[35m (0.0ms)[0m  [1m[34mSELECT "schema_migrations"."version" FROM "schema_migrations" ORDER BY "schema_migrations"."version" ASC[0m
  [1m[35m (0.0ms)[0m  [1m[34mSELECT "schema_migrations"."version" FROM "schema_migrations" ORDER BY "schema_migrations"."version" ASC[0m
  [1m[35m (0.0ms)[0m  [1m[34mSELECT "schema_migrations"."version" FROM "schema_migrations" ORDER BY "schema_migrations"."version" ASC[0m
Migrating to CreatePatients (20190801182131)
  [1m[35m (0.0ms)[0m  [1m[36mbegin transaction[0m
  [1m[35m (2.0ms)[0m  [1m[35mDROP TABLE "patients"[0m
  [1m[35mSQL (1.0ms)[0m  [1m[31mDELETE FROM "schema_migrations" WHERE "schema_migrations"."version" = ?[0m  [["version", "20190801182131"]]
  [1m[35m (209.0ms)[0m  [1m[36mcommit transaction[0m
  [1m[35m (1.0ms)[0m  [1m[34mSELECT "schema_migrations"."version" FROM "schema_migrations" ORDER BY "schema_migrations"."version" ASC[0m
  [1m[35m (1.0ms)[0m  [1m[34mSELECT "schema_migrations"."version" FROM "schema_migrations" ORDER BY "schema_migrations"."version" ASC[0m
Migrating to CreatePatients (20190801182131)
  [1m[35m (0.0ms)[0m  [1m[36mbegin transaction[0m
  [1m[35m (0.0ms)[0m  [1m[34mSELECT sqlite_version(*)[0m
  [1m[35m (2.0ms)[0m  [1m[35mCREATE TABLE "patients" ("id" INTEGER PRIMARY KEY AUTOINCREMENT NOT NULL, "first_name" varchar, "last_name" varchar, "created_at" datetime NOT NULL, "updated_at" datetime NOT NULL)[0m
  [1m[35mSQL (0.0ms)[0m  [1m[32mINSERT INTO "schema_migrations" ("version") VALUES (?)[0m  [["version", "20190801182131"]]
  [1m[35m (195.0ms)[0m  [1m[36mcommit transaction[0m
Migrating to CreateAppointments (20190801182223)
  [1m[35m (0.0ms)[0m  [1m[36mbegin transaction[0m
  [1m[35m (4.0ms)[0m  [1m[35mCREATE TABLE "appointments" ("id" INTEGER PRIMARY KEY AUTOINCREMENT NOT NULL, "date" datetime, "subject" varchar, "created_at" datetime NOT NULL, "updated_at" datetime NOT NULL)[0m
  [1m[35mSQL (0.0ms)[0m  [1m[32mINSERT INTO "schema_migrations" ("version") VALUES (?)[0m  [["version", "20190801182223"]]
  [1m[35m (191.0ms)[0m  [1m[36mcommit transaction[0m
Migrating to AddIndexToAppointments (20190801184257)
  [1m[35m (0.0ms)[0m  [1m[36mbegin transaction[0m
  [1m[35m (3.0ms)[0m  [1m[35mALTER TABLE "appointments" ADD "doctor_id" integer[0m
  [1m[35m (0.0ms)[0m  [1m[35mCREATE  INDEX "index_appointments_on_doctor_id" ON "appointments" ("doctor_id")[0m
  [1m[35mSQL (0.0ms)[0m  [1m[32mINSERT INTO "schema_migrations" ("version") VALUES (?)[0m  [["version", "20190801184257"]]
  [1m[35m (158.0ms)[0m  [1m[36mcommit transaction[0m
  [1m[36mActiveRecord::InternalMetadata Load (1.0ms)[0m  [1m[34mSELECT  "ar_internal_metadata".* FROM "ar_internal_metadata" WHERE "ar_internal_metadata"."key" = ? LIMIT ?[0m  [["key", "environment"], ["LIMIT", 1]]
  [1m[35m (1.0ms)[0m  [1m[36mbegin transaction[0m
  [1m[35m (0.0ms)[0m  [1m[36mcommit transaction[0m
  [1m[35m (1.0ms)[0m  [1m[34mSELECT "schema_migrations"."version" FROM "schema_migrations" ORDER BY "schema_migrations"."version" ASC[0m
  [1m[35m (0.0ms)[0m  [1m[34m            SELECT sql
            FROM sqlite_master
            WHERE name='index_appointments_on_doctor_id' AND type='index'
            UNION ALL
            SELECT sql
            FROM sqlite_temp_master
            WHERE name='index_appointments_on_doctor_id' AND type='index'
[0m
  [1m[35m (0.0ms)[0m  [1m[34mSELECT "schema_migrations"."version" FROM "schema_migrations" ORDER BY "schema_migrations"."version" ASC[0m
  [1m[36mActiveRecord::InternalMetadata Load (0.0ms)[0m  [1m[34mSELECT  "ar_internal_metadata".* FROM "ar_internal_metadata" WHERE "ar_internal_metadata"."key" = ? LIMIT ?[0m  [["key", "environment"], ["LIMIT", 1]]
  [1m[35m (0.0ms)[0m  [1m[36mbegin transaction[0m
  [1m[35m (0.0ms)[0m  [1m[36mcommit transaction[0m
  [1m[35m (0.0ms)[0m  [1m[34mSELECT "schema_migrations"."version" FROM "schema_migrations" ORDER BY "schema_migrations"."version" ASC[0m
  [1m[35m (0.0ms)[0m  [1m[34m            SELECT sql
            FROM sqlite_master
            WHERE name='index_appointments_on_doctor_id' AND type='index'
            UNION ALL
            SELECT sql
            FROM sqlite_temp_master
            WHERE name='index_appointments_on_doctor_id' AND type='index'
[0m
  [1m[35m (0.0ms)[0m  [1m[34mSELECT "schema_migrations"."version" FROM "schema_migrations" ORDER BY "schema_migrations"."version" ASC[0m
  [1m[36mDoctor Load (1.0ms)[0m  [1m[34mSELECT  "doctors".* FROM "doctors" WHERE "doctors"."id" = ? LIMIT ?[0m  [["id", 2], ["LIMIT", 1]]
  [1m[36mAppointment Load (0.0ms)[0m  [1m[34mSELECT  "appointments".* FROM "appointments" WHERE "appointments"."id" = ? LIMIT ?[0m  [["id", 2], ["LIMIT", 1]]
  [1m[35m (1.0ms)[0m  [1m[36mbegin transaction[0m
  [1m[35m (0.0ms)[0m  [1m[31mrollback transaction[0m
  [1m[35m (0.0ms)[0m  [1m[36mbegin transaction[0m
  [1m[35m (0.0ms)[0m  [1m[31mrollback transaction[0m
  [1m[35m (1.0ms)[0m  [1m[36mbegin transaction[0m
  [1m[35m (0.0ms)[0m  [1m[31mrollback transaction[0m
  [1m[36mDoctor Load (1.0ms)[0m  [1m[34mSELECT  "doctors".* FROM "doctors" WHERE "doctors"."id" = ? LIMIT ?[0m  [["id", 1], ["LIMIT", 1]]
  [1m[35m (0.0ms)[0m  [1m[36mbegin transaction[0m
  [1m[35mSQL (3.0ms)[0m  [1m[31mDELETE FROM "doctors" WHERE "doctors"."id" = ?[0m  [["id", 1]]
  [1m[35m (165.0ms)[0m  [1m[36mcommit transaction[0m
  [1m[36mDoctor Load (0.0ms)[0m  [1m[34mSELECT  "doctors".* FROM "doctors" WHERE "doctors"."id" = ? LIMIT ?[0m  [["id", 1], ["LIMIT", 1]]
  [1m[35m (0.0ms)[0m  [1m[36mbegin transaction[0m
  [1m[35m (0.0ms)[0m  [1m[31mrollback transaction[0m
  [1m[35m (0.0ms)[0m  [1m[36mbegin transaction[0m
  [1m[35m (0.0ms)[0m  [1m[31mrollback transaction[0m
  [1m[35m (1.0ms)[0m  [1m[36mbegin transaction[0m
  [1m[35m (0.0ms)[0m  [1m[31mrollback transaction[0m
  [1m[35m (0.0ms)[0m  [1m[36mbegin transaction[0m
  [1m[35m (1.0ms)[0m  [1m[31mrollback transaction[0m
  [1m[35m (0.0ms)[0m  [1m[34mSELECT "schema_migrations"."version" FROM "schema_migrations" ORDER BY "schema_migrations"."version" ASC[0m
  [1m[35m (0.0ms)[0m  [1m[34mSELECT "schema_migrations"."version" FROM "schema_migrations" ORDER BY "schema_migrations"."version" ASC[0m
Migrating to AddIndexToAppointments (20190801184257)
  [1m[35m (0.0ms)[0m  [1m[36mbegin transaction[0m
  [1m[35m (0.0ms)[0m  [1m[34mSELECT sqlite_version(*)[0m
  [1m[35m (1.0ms)[0m  [1m[35mCREATE TEMPORARY TABLE "aappointments" ("id" integer NOT NULL PRIMARY KEY, "date" datetime DEFAULT NULL, "subject" varchar DEFAULT NULL, "created_at" datetime NOT NULL, "updated_at" datetime NOT NULL, "doctor_id" integer DEFAULT NULL)[0m
  [1m[35m (0.0ms)[0m  [1m[34m            SELECT sql
            FROM sqlite_master
            WHERE name='index_appointments_on_doctor_id' AND type='index'
            UNION ALL
            SELECT sql
            FROM sqlite_temp_master
            WHERE name='index_appointments_on_doctor_id' AND type='index'
[0m
  [1m[35m (1.0ms)[0m  [1m[35mCREATE  INDEX "tindex_aappointments_on_doctor_id" ON "aappointments" ("doctor_id")[0m
  [1m[35m (0.0ms)[0m  [1m[32mINSERT INTO "aappointments" ("id","date","subject","created_at","updated_at","doctor_id")
                     SELECT "id","date","subject","created_at","updated_at","doctor_id" FROM "appointments"[0m
  [1m[35m (1.0ms)[0m  [1m[35mDROP TABLE "appointments"[0m
  [1m[35m (0.0ms)[0m  [1m[35mCREATE TABLE "appointments" ("id" integer NOT NULL PRIMARY KEY, "date" datetime DEFAULT NULL, "subject" varchar DEFAULT NULL, "created_at" datetime NOT NULL, "updated_at" datetime NOT NULL)[0m
  [1m[35m (0.0ms)[0m  [1m[34m            SELECT sql
            FROM sqlite_master
            WHERE name='tindex_aappointments_on_doctor_id' AND type='index'
            UNION ALL
            SELECT sql
            FROM sqlite_temp_master
            WHERE name='tindex_aappointments_on_doctor_id' AND type='index'
[0m
  [1m[35m (1.0ms)[0m  [1m[32mINSERT INTO "appointments" ("id","date","subject","created_at","updated_at")
                     SELECT "id","date","subject","created_at","updated_at" FROM "aappointments"[0m
  [1m[35m (0.0ms)[0m  [1m[35mDROP TABLE "aappointments"[0m
  [1m[35mSQL (0.0ms)[0m  [1m[31mDELETE FROM "schema_migrations" WHERE "schema_migrations"."version" = ?[0m  [["version", "20190801184257"]]
  [1m[35m (194.0ms)[0m  [1m[36mcommit transaction[0m
  [1m[35m (0.0ms)[0m  [1m[34mSELECT "schema_migrations"."version" FROM "schema_migrations" ORDER BY "schema_migrations"."version" ASC[0m
  [1m[35m (1.0ms)[0m  [1m[34mSELECT "schema_migrations"."version" FROM "schema_migrations" ORDER BY "schema_migrations"."version" ASC[0m
  [1m[35m (0.0ms)[0m  [1m[34mSELECT "schema_migrations"."version" FROM "schema_migrations" ORDER BY "schema_migrations"."version" ASC[0m
Migrating to CreateAppointments (20190801182223)
  [1m[35m (0.0ms)[0m  [1m[36mbegin transaction[0m
  [1m[35m (3.0ms)[0m  [1m[35mDROP TABLE "appointments"[0m
  [1m[35mSQL (0.0ms)[0m  [1m[31mDELETE FROM "schema_migrations" WHERE "schema_migrations"."version" = ?[0m  [["version", "20190801182223"]]
  [1m[35m (154.0ms)[0m  [1m[36mcommit transaction[0m
  [1m[35m (0.0ms)[0m  [1m[34mSELECT "schema_migrations"."version" FROM "schema_migrations" ORDER BY "schema_migrations"."version" ASC[0m
  [1m[35m (1.0ms)[0m  [1m[34mSELECT "schema_migrations"."version" FROM "schema_migrations" ORDER BY "schema_migrations"."version" ASC[0m
  [1m[35m (0.0ms)[0m  [1m[34mSELECT "schema_migrations"."version" FROM "schema_migrations" ORDER BY "schema_migrations"."version" ASC[0m
Migrating to CreatePatients (20190801182131)
  [1m[35m (0.0ms)[0m  [1m[36mbegin transaction[0m
  [1m[35m (2.0ms)[0m  [1m[35mDROP TABLE "patients"[0m
  [1m[35mSQL (0.0ms)[0m  [1m[31mDELETE FROM "schema_migrations" WHERE "schema_migrations"."version" = ?[0m  [["version", "20190801182131"]]
  [1m[35m (185.0ms)[0m  [1m[36mcommit transaction[0m
  [1m[35m (1.0ms)[0m  [1m[34mSELECT "schema_migrations"."version" FROM "schema_migrations" ORDER BY "schema_migrations"."version" ASC[0m
  [1m[35m (0.0ms)[0m  [1m[34mSELECT "schema_migrations"."version" FROM "schema_migrations" ORDER BY "schema_migrations"."version" ASC[0m
  [1m[35m (1.0ms)[0m  [1m[34mSELECT "schema_migrations"."version" FROM "schema_migrations" ORDER BY "schema_migrations"."version" ASC[0m
  [1m[35m (0.0ms)[0m  [1m[34mSELECT "schema_migrations"."version" FROM "schema_migrations" ORDER BY "schema_migrations"."version" ASC[0m
Migrating to CreateDoctors (20190801182004)
  [1m[35m (0.0ms)[0m  [1m[36mbegin transaction[0m
  [1m[35m (2.0ms)[0m  [1m[35mDROP TABLE "doctors"[0m
  [1m[35mSQL (0.0ms)[0m  [1m[31mDELETE FROM "schema_migrations" WHERE "schema_migrations"."version" = ?[0m  [["version", "20190801182004"]]
  [1m[35m (158.0ms)[0m  [1m[36mcommit transaction[0m
  [1m[35m (1.0ms)[0m  [1m[34mSELECT "schema_migrations"."version" FROM "schema_migrations" ORDER BY "schema_migrations"."version" ASC[0m
  [1m[35m (1.0ms)[0m  [1m[34mSELECT "schema_migrations"."version" FROM "schema_migrations" ORDER BY "schema_migrations"."version" ASC[0m
Migrating to CreateDoctors (20190801182004)
  [1m[35m (0.0ms)[0m  [1m[36mbegin transaction[0m
  [1m[35m (0.0ms)[0m  [1m[34mSELECT sqlite_version(*)[0m
  [1m[35m (2.0ms)[0m  [1m[35mCREATE TABLE "doctors" ("id" INTEGER PRIMARY KEY AUTOINCREMENT NOT NULL, "first_name" varchar, "last_name" varchar, "speciality" varchar, "zip_code" varchar, "created_at" datetime NOT NULL, "updated_at" datetime NOT NULL)[0m
  [1m[35mSQL (0.0ms)[0m  [1m[32mINSERT INTO "schema_migrations" ("version") VALUES (?)[0m  [["version", "20190801182004"]]
  [1m[35m (483.0ms)[0m  [1m[36mcommit transaction[0m
Migrating to CreatePatients (20190801182131)
  [1m[35m (0.0ms)[0m  [1m[36mbegin transaction[0m
  [1m[35m (3.0ms)[0m  [1m[35mCREATE TABLE "patients" ("id" INTEGER PRIMARY KEY AUTOINCREMENT NOT NULL, "first_name" varchar, "last_name" varchar, "created_at" datetime NOT NULL, "updated_at" datetime NOT NULL)[0m
  [1m[35mSQL (1.0ms)[0m  [1m[32mINSERT INTO "schema_migrations" ("version") VALUES (?)[0m  [["version", "20190801182131"]]
  [1m[35m (194.0ms)[0m  [1m[36mcommit transaction[0m
Migrating to CreateAppointments (20190801182223)
  [1m[35m (0.0ms)[0m  [1m[36mbegin transaction[0m
  [1m[35m (3.0ms)[0m  [1m[35mCREATE TABLE "appointments" ("id" INTEGER PRIMARY KEY AUTOINCREMENT NOT NULL, "date" datetime, "subject" varchar, "created_at" datetime NOT NULL, "updated_at" datetime NOT NULL)[0m
  [1m[35mSQL (1.0ms)[0m  [1m[32mINSERT INTO "schema_migrations" ("version") VALUES (?)[0m  [["version", "20190801182223"]]
  [1m[35m (167.0ms)[0m  [1m[36mcommit transaction[0m
Migrating to AddIndexToAppointments (20190801184257)
  [1m[35m (0.0ms)[0m  [1m[36mbegin transaction[0m
  [1m[35m (2.0ms)[0m  [1m[35mALTER TABLE "appointments" ADD "doctor_id" integer[0m
  [1m[35m (0.0ms)[0m  [1m[35mCREATE  INDEX "index_appointments_on_doctor_id" ON "appointments" ("doctor_id")[0m
  [1m[35mSQL (1.0ms)[0m  [1m[32mINSERT INTO "schema_migrations" ("version") VALUES (?)[0m  [["version", "20190801184257"]]
  [1m[35m (163.0ms)[0m  [1m[36mcommit transaction[0m
  [1m[36mActiveRecord::InternalMetadata Load (1.0ms)[0m  [1m[34mSELECT  "ar_internal_metadata".* FROM "ar_internal_metadata" WHERE "ar_internal_metadata"."key" = ? LIMIT ?[0m  [["key", "environment"], ["LIMIT", 1]]
  [1m[35m (0.0ms)[0m  [1m[36mbegin transaction[0m
  [1m[35m (1.0ms)[0m  [1m[36mcommit transaction[0m
  [1m[35m (0.0ms)[0m  [1m[34mSELECT "schema_migrations"."version" FROM "schema_migrations" ORDER BY "schema_migrations"."version" ASC[0m
  [1m[35m (1.0ms)[0m  [1m[34m            SELECT sql
            FROM sqlite_master
            WHERE name='index_appointments_on_doctor_id' AND type='index'
            UNION ALL
            SELECT sql
            FROM sqlite_temp_master
            WHERE name='index_appointments_on_doctor_id' AND type='index'
[0m
  [1m[35m (0.0ms)[0m  [1m[34mSELECT "schema_migrations"."version" FROM "schema_migrations" ORDER BY "schema_migrations"."version" ASC[0m
  [1m[36mActiveRecord::InternalMetadata Load (0.0ms)[0m  [1m[34mSELECT  "ar_internal_metadata".* FROM "ar_internal_metadata" WHERE "ar_internal_metadata"."key" = ? LIMIT ?[0m  [["key", "environment"], ["LIMIT", 1]]
  [1m[35m (0.0ms)[0m  [1m[36mbegin transaction[0m
  [1m[35m (0.0ms)[0m  [1m[36mcommit transaction[0m
  [1m[35m (0.0ms)[0m  [1m[34mSELECT "schema_migrations"."version" FROM "schema_migrations" ORDER BY "schema_migrations"."version" ASC[0m
  [1m[35m (0.0ms)[0m  [1m[34m            SELECT sql
            FROM sqlite_master
            WHERE name='index_appointments_on_doctor_id' AND type='index'
            UNION ALL
            SELECT sql
            FROM sqlite_temp_master
            WHERE name='index_appointments_on_doctor_id' AND type='index'
[0m
  [1m[35m (0.0ms)[0m  [1m[34mSELECT "schema_migrations"."version" FROM "schema_migrations" ORDER BY "schema_migrations"."version" ASC[0m
  [1m[35m (1.0ms)[0m  [1m[36mbegin transaction[0m
  [1m[35m (0.0ms)[0m  [1m[31mrollback transaction[0m
  [1m[35m (1.0ms)[0m  [1m[36mbegin transaction[0m
  [1m[35m (0.0ms)[0m  [1m[31mrollback transaction[0m
  [1m[35m (0.0ms)[0m  [1m[36mbegin transaction[0m
  [1m[35mSQL (2.0ms)[0m  [1m[32mINSERT INTO "doctors" ("created_at", "updated_at") VALUES (?, ?)[0m  [["created_at", "2019-08-01 21:43:34.778452"], ["updated_at", "2019-08-01 21:43:34.778452"]]
  [1m[35m (188.0ms)[0m  [1m[36mcommit transaction[0m
  [1m[35m (0.0ms)[0m  [1m[36mbegin transaction[0m
  [1m[35m (0.0ms)[0m  [1m[31mrollback transaction[0m
  [1m[36mDoctor Load (1.0ms)[0m  [1m[34mSELECT  "doctors".* FROM "doctors" WHERE "doctors"."id" = ? LIMIT ?[0m  [["id", 1], ["LIMIT", 1]]
  [1m[36mDoctor Load (0.0ms)[0m  [1m[34mSELECT  "doctors".* FROM "doctors" WHERE "doctors"."id" = ? LIMIT ?[0m  [["id", 1], ["LIMIT", 1]]
  [1m[35m (0.0ms)[0m  [1m[36mbegin transaction[0m
  [1m[35m (0.0ms)[0m  [1m[31mrollback transaction[0m
